Started GET "/" for ::1 at 2020-07-19 17:08:38 +0530
  [1m[35m (3.5ms)[0m  [1m[34mSELECT sqlite_version(*)[0m
Processing by Rails::WelcomeController#index as HTML
  Rendering /Users/vishaldwivedi/.rvm/gems/ruby-2.5.7/gems/railties-6.0.3.2/lib/rails/templates/rails/welcome/index.html.erb
  Rendered /Users/vishaldwivedi/.rvm/gems/ruby-2.5.7/gems/railties-6.0.3.2/lib/rails/templates/rails/welcome/index.html.erb (Duration: 20.6ms | Allocations: 462)
Completed 200 OK in 51ms (Views: 31.7ms | ActiveRecord: 0.0ms | Allocations: 2685)


Started GET "/test" for ::1 at 2020-07-19 18:06:07 +0530
  [1m[35m (0.5ms)[0m  [1m[34mSELECT sqlite_version(*)[0m
  
ActionController::RoutingError (No route matches [GET] "/test"):
  
actionpack (6.0.3.2) lib/action_dispatch/middleware/debug_exceptions.rb:36:in `call'
web-console (4.0.4) lib/web_console/middleware.rb:132:in `call_app'
web-console (4.0.4) lib/web_console/middleware.rb:28:in `block in call'
web-console (4.0.4) lib/web_console/middleware.rb:17:in `catch'
web-console (4.0.4) lib/web_console/middleware.rb:17:in `call'
actionpack (6.0.3.2) lib/action_dispatch/middleware/show_exceptions.rb:33:in `call'
railties (6.0.3.2) lib/rails/rack/logger.rb:37:in `call_app'
railties (6.0.3.2) lib/rails/rack/logger.rb:26:in `block in call'
activesupport (6.0.3.2) lib/active_support/tagged_logging.rb:80:in `block in tagged'
activesupport (6.0.3.2) lib/active_support/tagged_logging.rb:28:in `tagged'
activesupport (6.0.3.2) lib/active_support/tagged_logging.rb:80:in `tagged'
railties (6.0.3.2) lib/rails/rack/logger.rb:26:in `call'
sprockets-rails (3.2.1) lib/sprockets/rails/quiet_assets.rb:13:in `call'
actionpack (6.0.3.2) lib/action_dispatch/middleware/remote_ip.rb:81:in `call'
actionpack (6.0.3.2) lib/action_dispatch/middleware/request_id.rb:27:in `call'
rack (2.2.3) lib/rack/method_override.rb:24:in `call'
rack (2.2.3) lib/rack/runtime.rb:22:in `call'
activesupport (6.0.3.2) lib/active_support/cache/strategy/local_cache_middleware.rb:29:in `call'
actionpack (6.0.3.2) lib/action_dispatch/middleware/executor.rb:14:in `call'
actionpack (6.0.3.2) lib/action_dispatch/middleware/static.rb:126:in `call'
rack (2.2.3) lib/rack/sendfile.rb:110:in `call'
actionpack (6.0.3.2) lib/action_dispatch/middleware/host_authorization.rb:82:in `call'
webpacker (4.2.2) lib/webpacker/dev_server_proxy.rb:23:in `perform_request'
rack-proxy (0.6.5) lib/rack/proxy.rb:57:in `call'
railties (6.0.3.2) lib/rails/engine.rb:527:in `call'
puma (4.3.5) lib/puma/configuration.rb:228:in `call'
puma (4.3.5) lib/puma/server.rb:713:in `handle_request'
puma (4.3.5) lib/puma/server.rb:472:in `process_client'
puma (4.3.5) lib/puma/server.rb:328:in `block in run'
puma (4.3.5) lib/puma/thread_pool.rb:134:in `block in spawn_thread'
Started GET "/" for ::1 at 2020-07-19 23:54:23 +0530
  [1m[35m (0.5ms)[0m  [1m[34mSELECT sqlite_version(*)[0m
Processing by Rails::WelcomeController#index as HTML
  Rendering /Users/vishaldwivedi/.rvm/gems/ruby-2.5.7/gems/railties-6.0.3.2/lib/rails/templates/rails/welcome/index.html.erb
  Rendered /Users/vishaldwivedi/.rvm/gems/ruby-2.5.7/gems/railties-6.0.3.2/lib/rails/templates/rails/welcome/index.html.erb (Duration: 17.4ms | Allocations: 191)
Completed 200 OK in 40ms (Views: 26.0ms | ActiveRecord: 0.0ms | Allocations: 901)


Started GET "/" for ::1 at 2020-08-01 20:46:40 +0530
  [1m[35m (4.0ms)[0m  [1m[34mSELECT sqlite_version(*)[0m
Processing by Rails::WelcomeController#index as HTML
  Rendering /Users/vishaldwivedi/.rvm/gems/ruby-2.5.7/gems/railties-6.0.3.2/lib/rails/templates/rails/welcome/index.html.erb
  Rendered /Users/vishaldwivedi/.rvm/gems/ruby-2.5.7/gems/railties-6.0.3.2/lib/rails/templates/rails/welcome/index.html.erb (Duration: 20.8ms | Allocations: 462)
Completed 200 OK in 52ms (Views: 36.9ms | ActiveRecord: 0.0ms | Allocations: 2686)


Started GET "/" for ::1 at 2020-08-01 20:47:39 +0530
  [1m[35m (2.9ms)[0m  [1m[34mSELECT sqlite_version(*)[0m
Processing by Rails::WelcomeController#index as HTML
  Rendering /Users/vishaldwivedi/.rvm/gems/ruby-2.5.7/gems/railties-6.0.3.2/lib/rails/templates/rails/welcome/index.html.erb
  Rendered /Users/vishaldwivedi/.rvm/gems/ruby-2.5.7/gems/railties-6.0.3.2/lib/rails/templates/rails/welcome/index.html.erb (Duration: 26.2ms | Allocations: 462)
Completed 200 OK in 49ms (Views: 32.3ms | ActiveRecord: 0.0ms | Allocations: 2684)


Started GET "/" for ::1 at 2020-08-01 22:28:34 +0530
  [1m[35m (4.1ms)[0m  [1m[34mSELECT sqlite_version(*)[0m
Processing by WelcomeController#index as HTML
  Rendering welcome/index.html.erb within layouts/application
  Rendered welcome/index.html.erb within layouts/application (Duration: 11.4ms | Allocations: 354)
[Webpacker] Compiling...
[Webpacker] Compiled all packs in /Users/vishaldwivedi/Documents/Rails_app/railapp/public/packs
[Webpacker] Hash: 15d1bb7b54cf6326b9ba
Version: webpack 4.43.0
Time: 3252ms
Built at: 08/01/2020 22:28:41
                                     Asset       Size       Chunks                         Chunk Names
    js/application-9afcbb5693aa87623e69.js    124 KiB  application  [emitted] [immutable]  application
js/application-9afcbb5693aa87623e69.js.map    139 KiB  application  [emitted] [dev]        application
                             manifest.json  364 bytes               [emitted]              
Entrypoint application = js/application-9afcbb5693aa87623e69.js js/application-9afcbb5693aa87623e69.js.map
[./app/javascript/channels sync recursive _channel\.js$] ./app/javascript/channels sync _channel\.js$ 160 bytes {application} [built]
[./app/javascript/channels/index.js] 211 bytes {application} [built]
[./app/javascript/packs/application.js] 749 bytes {application} [built]
[./node_modules/webpack/buildin/module.js] (webpack)/buildin/module.js 552 bytes {application} [built]
    + 3 hidden modules

Completed 200 OK in 6762ms (Views: 6748.6ms | ActiveRecord: 0.0ms | Allocations: 21222)


Started GET "/articles/new" for ::1 at 2020-08-01 22:54:42 +0530
  [1m[35m (1.0ms)[0m  [1m[34mSELECT sqlite_version(*)[0m
  
AbstractController::ActionNotFound (The action 'new' could not be found for ArticlesController):
  
actionpack (6.0.3.2) lib/abstract_controller/base.rb:131:in `process'
actionview (6.0.3.2) lib/action_view/rendering.rb:39:in `process'
actionpack (6.0.3.2) lib/action_controller/metal.rb:190:in `dispatch'
actionpack (6.0.3.2) lib/action_controller/metal.rb:254:in `dispatch'
actionpack (6.0.3.2) lib/action_dispatch/routing/route_set.rb:50:in `dispatch'
actionpack (6.0.3.2) lib/action_dispatch/routing/route_set.rb:33:in `serve'
actionpack (6.0.3.2) lib/action_dispatch/journey/router.rb:49:in `block in serve'
actionpack (6.0.3.2) lib/action_dispatch/journey/router.rb:32:in `each'
actionpack (6.0.3.2) lib/action_dispatch/journey/router.rb:32:in `serve'
actionpack (6.0.3.2) lib/action_dispatch/routing/route_set.rb:834:in `call'
rack (2.2.3) lib/rack/tempfile_reaper.rb:15:in `call'
rack (2.2.3) lib/rack/etag.rb:27:in `call'
rack (2.2.3) lib/rack/conditional_get.rb:27:in `call'
rack (2.2.3) lib/rack/head.rb:12:in `call'
actionpack (6.0.3.2) lib/action_dispatch/http/content_security_policy.rb:18:in `call'
rack (2.2.3) lib/rack/session/abstract/id.rb:266:in `context'
rack (2.2.3) lib/rack/session/abstract/id.rb:260:in `call'
actionpack (6.0.3.2) lib/action_dispatch/middleware/cookies.rb:648:in `call'
activerecord (6.0.3.2) lib/active_record/migration.rb:567:in `call'
actionpack (6.0.3.2) lib/action_dispatch/middleware/callbacks.rb:27:in `block in call'
activesupport (6.0.3.2) lib/active_support/callbacks.rb:101:in `run_callbacks'
actionpack (6.0.3.2) lib/action_dispatch/middleware/callbacks.rb:26:in `call'
actionpack (6.0.3.2) lib/action_dispatch/middleware/executor.rb:14:in `call'
actionpack (6.0.3.2) lib/action_dispatch/middleware/actionable_exceptions.rb:17:in `call'
actionpack (6.0.3.2) lib/action_dispatch/middleware/debug_exceptions.rb:32:in `call'
web-console (4.0.4) lib/web_console/middleware.rb:132:in `call_app'
web-console (4.0.4) lib/web_console/middleware.rb:28:in `block in call'
web-console (4.0.4) lib/web_console/middleware.rb:17:in `catch'
web-console (4.0.4) lib/web_console/middleware.rb:17:in `call'
actionpack (6.0.3.2) lib/action_dispatch/middleware/show_exceptions.rb:33:in `call'
railties (6.0.3.2) lib/rails/rack/logger.rb:37:in `call_app'
railties (6.0.3.2) lib/rails/rack/logger.rb:26:in `block in call'
activesupport (6.0.3.2) lib/active_support/tagged_logging.rb:80:in `block in tagged'
activesupport (6.0.3.2) lib/active_support/tagged_logging.rb:28:in `tagged'
activesupport (6.0.3.2) lib/active_support/tagged_logging.rb:80:in `tagged'
railties (6.0.3.2) lib/rails/rack/logger.rb:26:in `call'
sprockets-rails (3.2.1) lib/sprockets/rails/quiet_assets.rb:13:in `call'
actionpack (6.0.3.2) lib/action_dispatch/middleware/remote_ip.rb:81:in `call'
actionpack (6.0.3.2) lib/action_dispatch/middleware/request_id.rb:27:in `call'
rack (2.2.3) lib/rack/method_override.rb:24:in `call'
rack (2.2.3) lib/rack/runtime.rb:22:in `call'
activesupport (6.0.3.2) lib/active_support/cache/strategy/local_cache_middleware.rb:29:in `call'
actionpack (6.0.3.2) lib/action_dispatch/middleware/executor.rb:14:in `call'
actionpack (6.0.3.2) lib/action_dispatch/middleware/static.rb:126:in `call'
rack (2.2.3) lib/rack/sendfile.rb:110:in `call'
actionpack (6.0.3.2) lib/action_dispatch/middleware/host_authorization.rb:82:in `call'
webpacker (4.2.2) lib/webpacker/dev_server_proxy.rb:23:in `perform_request'
rack-proxy (0.6.5) lib/rack/proxy.rb:57:in `call'
railties (6.0.3.2) lib/rails/engine.rb:527:in `call'
puma (4.3.5) lib/puma/configuration.rb:228:in `call'
puma (4.3.5) lib/puma/server.rb:713:in `handle_request'
puma (4.3.5) lib/puma/server.rb:472:in `process_client'
puma (4.3.5) lib/puma/server.rb:328:in `block in run'
puma (4.3.5) lib/puma/thread_pool.rb:134:in `block in spawn_thread'
Started GET "/articles/new" for ::1 at 2020-08-01 22:55:04 +0530
  [1m[35m (0.1ms)[0m  [1m[34mSELECT sqlite_version(*)[0m
Processing by ArticlesController#new as HTML
Completed 406 Not Acceptable in 10ms (ActiveRecord: 0.0ms | Allocations: 2048)


  
ActionController::MissingExactTemplate (ArticlesController#new is missing a template for request formats: text/html):
  
actionpack (6.0.3.2) lib/action_controller/metal/implicit_render.rb:45:in `default_render'
actionpack (6.0.3.2) lib/action_controller/metal/basic_implicit_render.rb:6:in `block in send_action'
actionpack (6.0.3.2) lib/action_controller/metal/basic_implicit_render.rb:6:in `tap'
actionpack (6.0.3.2) lib/action_controller/metal/basic_implicit_render.rb:6:in `send_action'
actionpack (6.0.3.2) lib/abstract_controller/base.rb:195:in `process_action'
actionpack (6.0.3.2) lib/action_controller/metal/rendering.rb:30:in `process_action'
actionpack (6.0.3.2) lib/abstract_controller/callbacks.rb:42:in `block in process_action'
activesupport (6.0.3.2) lib/active_support/callbacks.rb:135:in `run_callbacks'
actionpack (6.0.3.2) lib/abstract_controller/callbacks.rb:41:in `process_action'
actionpack (6.0.3.2) lib/action_controller/metal/rescue.rb:22:in `process_action'
actionpack (6.0.3.2) lib/action_controller/metal/instrumentation.rb:33:in `block in process_action'
activesupport (6.0.3.2) lib/active_support/notifications.rb:180:in `block in instrument'
activesupport (6.0.3.2) lib/active_support/notifications/instrumenter.rb:24:in `instrument'
activesupport (6.0.3.2) lib/active_support/notifications.rb:180:in `instrument'
actionpack (6.0.3.2) lib/action_controller/metal/instrumentation.rb:32:in `process_action'
actionpack (6.0.3.2) lib/action_controller/metal/params_wrapper.rb:245:in `process_action'
activerecord (6.0.3.2) lib/active_record/railties/controller_runtime.rb:27:in `process_action'
actionpack (6.0.3.2) lib/abstract_controller/base.rb:136:in `process'
actionview (6.0.3.2) lib/action_view/rendering.rb:39:in `process'
actionpack (6.0.3.2) lib/action_controller/metal.rb:190:in `dispatch'
actionpack (6.0.3.2) lib/action_controller/metal.rb:254:in `dispatch'
actionpack (6.0.3.2) lib/action_dispatch/routing/route_set.rb:50:in `dispatch'
actionpack (6.0.3.2) lib/action_dispatch/routing/route_set.rb:33:in `serve'
actionpack (6.0.3.2) lib/action_dispatch/journey/router.rb:49:in `block in serve'
actionpack (6.0.3.2) lib/action_dispatch/journey/router.rb:32:in `each'
actionpack (6.0.3.2) lib/action_dispatch/journey/router.rb:32:in `serve'
actionpack (6.0.3.2) lib/action_dispatch/routing/route_set.rb:834:in `call'
rack (2.2.3) lib/rack/tempfile_reaper.rb:15:in `call'
rack (2.2.3) lib/rack/etag.rb:27:in `call'
rack (2.2.3) lib/rack/conditional_get.rb:27:in `call'
rack (2.2.3) lib/rack/head.rb:12:in `call'
actionpack (6.0.3.2) lib/action_dispatch/http/content_security_policy.rb:18:in `call'
rack (2.2.3) lib/rack/session/abstract/id.rb:266:in `context'
rack (2.2.3) lib/rack/session/abstract/id.rb:260:in `call'
actionpack (6.0.3.2) lib/action_dispatch/middleware/cookies.rb:648:in `call'
activerecord (6.0.3.2) lib/active_record/migration.rb:567:in `call'
actionpack (6.0.3.2) lib/action_dispatch/middleware/callbacks.rb:27:in `block in call'
activesupport (6.0.3.2) lib/active_support/callbacks.rb:101:in `run_callbacks'
actionpack (6.0.3.2) lib/action_dispatch/middleware/callbacks.rb:26:in `call'
actionpack (6.0.3.2) lib/action_dispatch/middleware/executor.rb:14:in `call'
actionpack (6.0.3.2) lib/action_dispatch/middleware/actionable_exceptions.rb:17:in `call'
actionpack (6.0.3.2) lib/action_dispatch/middleware/debug_exceptions.rb:32:in `call'
web-console (4.0.4) lib/web_console/middleware.rb:132:in `call_app'
web-console (4.0.4) lib/web_console/middleware.rb:28:in `block in call'
web-console (4.0.4) lib/web_console/middleware.rb:17:in `catch'
web-console (4.0.4) lib/web_console/middleware.rb:17:in `call'
actionpack (6.0.3.2) lib/action_dispatch/middleware/show_exceptions.rb:33:in `call'
railties (6.0.3.2) lib/rails/rack/logger.rb:37:in `call_app'
railties (6.0.3.2) lib/rails/rack/logger.rb:26:in `block in call'
activesupport (6.0.3.2) lib/active_support/tagged_logging.rb:80:in `block in tagged'
activesupport (6.0.3.2) lib/active_support/tagged_logging.rb:28:in `tagged'
activesupport (6.0.3.2) lib/active_support/tagged_logging.rb:80:in `tagged'
railties (6.0.3.2) lib/rails/rack/logger.rb:26:in `call'
sprockets-rails (3.2.1) lib/sprockets/rails/quiet_assets.rb:13:in `call'
actionpack (6.0.3.2) lib/action_dispatch/middleware/remote_ip.rb:81:in `call'
actionpack (6.0.3.2) lib/action_dispatch/middleware/request_id.rb:27:in `call'
rack (2.2.3) lib/rack/method_override.rb:24:in `call'
rack (2.2.3) lib/rack/runtime.rb:22:in `call'
activesupport (6.0.3.2) lib/active_support/cache/strategy/local_cache_middleware.rb:29:in `call'
actionpack (6.0.3.2) lib/action_dispatch/middleware/executor.rb:14:in `call'
actionpack (6.0.3.2) lib/action_dispatch/middleware/static.rb:126:in `call'
rack (2.2.3) lib/rack/sendfile.rb:110:in `call'
actionpack (6.0.3.2) lib/action_dispatch/middleware/host_authorization.rb:82:in `call'
webpacker (4.2.2) lib/webpacker/dev_server_proxy.rb:23:in `perform_request'
rack-proxy (0.6.5) lib/rack/proxy.rb:57:in `call'
railties (6.0.3.2) lib/rails/engine.rb:527:in `call'
puma (4.3.5) lib/puma/configuration.rb:228:in `call'
puma (4.3.5) lib/puma/server.rb:713:in `handle_request'
puma (4.3.5) lib/puma/server.rb:472:in `process_client'
puma (4.3.5) lib/puma/server.rb:328:in `block in run'
puma (4.3.5) lib/puma/thread_pool.rb:134:in `block in spawn_thread'
Started GET "/articles/new" for ::1 at 2020-08-01 23:44:16 +0530
  [1m[35m (0.2ms)[0m  [1m[34mSELECT sqlite_version(*)[0m
Processing by ArticlesController#new as HTML
  Rendering articles/new.html.erb within layouts/application
  Rendered articles/new.html.erb within layouts/application (Duration: 0.9ms | Allocations: 85)
[Webpacker] Everything's up-to-date. Nothing to do
Completed 200 OK in 111ms (Views: 109.1ms | ActiveRecord: 0.0ms | Allocations: 19351)


Started GET "/articles/new" for ::1 at 2020-08-01 23:45:02 +0530
Processing by ArticlesController#new as HTML
  Rendering articles/new.html.erb within layouts/application
  Rendered articles/new.html.erb within layouts/application (Duration: 43.9ms | Allocations: 9339)
[Webpacker] Everything's up-to-date. Nothing to do
Completed 200 OK in 59ms (Views: 57.4ms | ActiveRecord: 0.0ms | Allocations: 14490)


Started GET "/articles/new" for ::1 at 2020-08-01 23:49:44 +0530
Processing by ArticlesController#new as HTML
  Rendering articles/new.html.erb within layouts/application
  Rendered articles/new.html.erb within layouts/application (Duration: 2.1ms | Allocations: 727)
[Webpacker] Everything's up-to-date. Nothing to do
Completed 200 OK in 16ms (Views: 14.4ms | ActiveRecord: 0.0ms | Allocations: 5961)


Started POST "/articles" for ::1 at 2020-08-01 23:53:09 +0530
  [1m[35m (0.1ms)[0m  [1m[34mSELECT sqlite_version(*)[0m
Processing by ArticlesController#create as HTML
  Parameters: {"authenticity_token"=>"FPKJI5/NromRzwv+h7XM8x7/R2y+RG+CXaON0DPKHi5u0mwptt2krdblCRVMzIcTi/qHWs6w8XG1VbDZLGEO5w==", "article"=>{"title"=>"Article 1", "text"=>"This is text"}, "commit"=>"Save Article"}
  Rendering text template
  Rendered text template (Duration: 0.0ms | Allocations: 2)
Completed 200 OK in 6ms (Views: 4.0ms | ActiveRecord: 0.0ms | Allocations: 865)


  [1m[35m (2.5ms)[0m  [1m[34mSELECT sqlite_version(*)[0m
  [1m[35m (2.8ms)[0m  [1m[35mCREATE TABLE "schema_migrations" ("version" varchar NOT NULL PRIMARY KEY)[0m
  [1m[35m (2.1ms)[0m  [1m[35mCREATE TABLE "ar_internal_metadata" ("key" varchar NOT NULL PRIMARY KEY, "value" varchar, "created_at" datetime(6) NOT NULL, "updated_at" datetime(6) NOT NULL)[0m
  [1m[35m (0.4ms)[0m  [1m[34mSELECT "schema_migrations"."version" FROM "schema_migrations" ORDER BY "schema_migrations"."version" ASC[0m
Migrating to CreateArticles (20200801182449)
  [1m[35m (0.1ms)[0m  [1m[36mbegin transaction[0m
  [1m[35m (0.9ms)[0m  [1m[35mCREATE TABLE "articles" ("id" integer PRIMARY KEY AUTOINCREMENT NOT NULL, "title" varchar, "text" text, "created_at" datetime(6) NOT NULL, "updated_at" datetime(6) NOT NULL)[0m
  [1m[36mprimary::SchemaMigration Create (0.2ms)[0m  [1m[32mINSERT INTO "schema_migrations" ("version") VALUES (?)[0m  [["version", "20200801182449"]]
  [1m[35m (2.0ms)[0m  [1m[36mcommit transaction[0m
  [1m[36mActiveRecord::InternalMetadata Load (0.5ms)[0m  [1m[34mSELECT "ar_internal_metadata".* FROM "ar_internal_metadata" WHERE "ar_internal_metadata"."key" = ? LIMIT ?[0m  [["key", "environment"], ["LIMIT", 1]]
  [1m[35m (0.1ms)[0m  [1m[36mbegin transaction[0m
  [1m[36mActiveRecord::InternalMetadata Create (0.8ms)[0m  [1m[32mINSERT INTO "ar_internal_metadata" ("key", "value", "created_at", "updated_at") VALUES (?, ?, ?, ?)[0m  [["key", "environment"], ["value", "development"], ["created_at", "2020-08-01 18:28:00.790653"], ["updated_at", "2020-08-01 18:28:00.790653"]]
  [1m[35m (1.6ms)[0m  [1m[36mcommit transaction[0m
  [1m[35m (0.1ms)[0m  [1m[34mSELECT sqlite_version(*)[0m
  [1m[35m (0.2ms)[0m  [1m[34mSELECT "schema_migrations"."version" FROM "schema_migrations" ORDER BY "schema_migrations"."version" ASC[0m
Started POST "/articles" for ::1 at 2020-08-02 00:07:02 +0530
  [1m[35m (1.3ms)[0m  [1m[34mSELECT sqlite_version(*)[0m
  [1m[35m (0.2ms)[0m  [1m[34mSELECT "schema_migrations"."version" FROM "schema_migrations" ORDER BY "schema_migrations"."version" ASC[0m
Processing by ArticlesController#create as HTML
  Parameters: {"authenticity_token"=>"FPKJI5/NromRzwv+h7XM8x7/R2y+RG+CXaON0DPKHi5u0mwptt2krdblCRVMzIcTi/qHWs6w8XG1VbDZLGEO5w==", "article"=>{"title"=>"Article 1", "text"=>"This is text"}, "commit"=>"Save Article"}
  [1m[35m (0.1ms)[0m  [1m[36mbegin transaction[0m
  ↳ app/controllers/articles_controller.rb:11:in `create'
  [1m[36mArticle Create (0.7ms)[0m  [1m[32mINSERT INTO "articles" ("title", "text", "created_at", "updated_at") VALUES (?, ?, ?, ?)[0m  [["title", "Article 1"], ["text", "This is text"], ["created_at", "2020-08-01 18:37:02.568792"], ["updated_at", "2020-08-01 18:37:02.568792"]]
  ↳ app/controllers/articles_controller.rb:11:in `create'
  [1m[35m (1.8ms)[0m  [1m[36mcommit transaction[0m
  ↳ app/controllers/articles_controller.rb:11:in `create'
Redirected to http://localhost:3000/articles/1
Completed 302 Found in 23ms (ActiveRecord: 3.4ms | Allocations: 7758)


Started GET "/articles/1" for ::1 at 2020-08-02 00:07:02 +0530
Processing by ArticlesController#show as HTML
  Parameters: {"id"=>"1"}
  [1m[36mArticle Load (0.3ms)[0m  [1m[34mSELECT "articles".* FROM "articles" WHERE "articles"."id" = ? LIMIT ?[0m  [["id", 1], ["LIMIT", 1]]
  ↳ app/controllers/articles_controller.rb:3:in `show'
  Rendering articles/show.html.erb within layouts/application
  Rendered articles/show.html.erb within layouts/application (Duration: 3.3ms | Allocations: 404)
[Webpacker] Everything's up-to-date. Nothing to do
Completed 200 OK in 68ms (Views: 51.6ms | ActiveRecord: 0.3ms | Allocations: 10822)


Started GET "/articles" for ::1 at 2020-08-02 00:09:07 +0530
  [1m[35m (0.1ms)[0m  [1m[34mSELECT sqlite_version(*)[0m
Processing by ArticlesController#index as HTML
  Rendering articles/index.html.erb within layouts/application
  [1m[36mArticle Load (0.2ms)[0m  [1m[34mSELECT "articles".* FROM "articles"[0m
  ↳ app/views/articles/index.html.erb:10
  Rendered articles/index.html.erb within layouts/application (Duration: 11.6ms | Allocations: 4888)
[Webpacker] Everything's up-to-date. Nothing to do
Completed 200 OK in 31ms (Views: 26.2ms | ActiveRecord: 1.0ms | Allocations: 10527)


Started GET "/articles/1" for ::1 at 2020-08-02 00:09:12 +0530
Processing by ArticlesController#show as HTML
  Parameters: {"id"=>"1"}
  [1m[36mArticle Load (0.3ms)[0m  [1m[34mSELECT "articles".* FROM "articles" WHERE "articles"."id" = ? LIMIT ?[0m  [["id", 1], ["LIMIT", 1]]
  ↳ app/controllers/articles_controller.rb:7:in `show'
  Rendering articles/show.html.erb within layouts/application
  Rendered articles/show.html.erb within layouts/application (Duration: 1.3ms | Allocations: 135)
[Webpacker] Everything's up-to-date. Nothing to do
Completed 200 OK in 21ms (Views: 17.4ms | ActiveRecord: 0.3ms | Allocations: 5306)


Started GET "/articles/1" for ::1 at 2020-08-02 00:09:17 +0530
Processing by ArticlesController#show as HTML
  Parameters: {"id"=>"1"}
  [1m[36mArticle Load (0.2ms)[0m  [1m[34mSELECT "articles".* FROM "articles" WHERE "articles"."id" = ? LIMIT ?[0m  [["id", 1], ["LIMIT", 1]]
  ↳ app/controllers/articles_controller.rb:7:in `show'
  Rendering articles/show.html.erb within layouts/application
  Rendered articles/show.html.erb within layouts/application (Duration: 0.2ms | Allocations: 10)
[Webpacker] Everything's up-to-date. Nothing to do
Completed 200 OK in 26ms (Views: 20.2ms | ActiveRecord: 0.2ms | Allocations: 4881)


Started GET "/" for ::1 at 2020-08-02 00:13:26 +0530
Processing by WelcomeController#index as HTML
  Rendering welcome/index.html.erb within layouts/application
  Rendered welcome/index.html.erb within layouts/application (Duration: 1.1ms | Allocations: 565)
[Webpacker] Everything's up-to-date. Nothing to do
Completed 200 OK in 17ms (Views: 15.2ms | ActiveRecord: 0.0ms | Allocations: 5753)


Started GET "/articles" for ::1 at 2020-08-02 00:13:28 +0530
Processing by ArticlesController#index as HTML
  Rendering articles/index.html.erb within layouts/application
  [1m[36mArticle Load (0.2ms)[0m  [1m[34mSELECT "articles".* FROM "articles"[0m
  ↳ app/views/articles/index.html.erb:10
  Rendered articles/index.html.erb within layouts/application (Duration: 3.7ms | Allocations: 905)
[Webpacker] Everything's up-to-date. Nothing to do
Completed 200 OK in 33ms (Views: 31.1ms | ActiveRecord: 0.2ms | Allocations: 5802)


Started GET "/articles/new" for ::1 at 2020-08-02 00:13:30 +0530
Processing by ArticlesController#new as HTML
  Rendering articles/new.html.erb within layouts/application
  Rendered articles/new.html.erb within layouts/application (Duration: 15.7ms | Allocations: 2789)
[Webpacker] Everything's up-to-date. Nothing to do
Completed 200 OK in 31ms (Views: 30.2ms | ActiveRecord: 0.0ms | Allocations: 7231)


Started GET "/articles" for ::1 at 2020-08-02 00:13:31 +0530
Processing by ArticlesController#index as HTML
  Rendering articles/index.html.erb within layouts/application
  [1m[36mArticle Load (0.2ms)[0m  [1m[34mSELECT "articles".* FROM "articles"[0m
  ↳ app/views/articles/index.html.erb:10
  Rendered articles/index.html.erb within layouts/application (Duration: 3.4ms | Allocations: 715)
[Webpacker] Everything's up-to-date. Nothing to do
Completed 200 OK in 24ms (Views: 23.1ms | ActiveRecord: 0.2ms | Allocations: 5042)


Started GET "/articles/1" for ::1 at 2020-08-02 00:13:32 +0530
Processing by ArticlesController#show as HTML
  Parameters: {"id"=>"1"}
  [1m[36mArticle Load (0.3ms)[0m  [1m[34mSELECT "articles".* FROM "articles" WHERE "articles"."id" = ? LIMIT ?[0m  [["id", 1], ["LIMIT", 1]]
  ↳ app/controllers/articles_controller.rb:7:in `show'
  Rendering articles/show.html.erb within layouts/application
  Rendered articles/show.html.erb within layouts/application (Duration: 1.1ms | Allocations: 183)
[Webpacker] Everything's up-to-date. Nothing to do
Completed 200 OK in 26ms (Views: 20.2ms | ActiveRecord: 0.3ms | Allocations: 5218)


Started GET "/articles" for ::1 at 2020-08-02 00:13:34 +0530
Processing by ArticlesController#index as HTML
  Rendering articles/index.html.erb within layouts/application
  [1m[36mArticle Load (0.2ms)[0m  [1m[34mSELECT "articles".* FROM "articles"[0m
  ↳ app/views/articles/index.html.erb:10
  Rendered articles/index.html.erb within layouts/application (Duration: 2.2ms | Allocations: 706)
[Webpacker] Everything's up-to-date. Nothing to do
Completed 200 OK in 24ms (Views: 21.1ms | ActiveRecord: 0.2ms | Allocations: 5023)


Started GET "/articles/new" for ::1 at 2020-08-02 00:18:51 +0530
  [1m[35m (0.2ms)[0m  [1m[34mSELECT sqlite_version(*)[0m
Processing by ArticlesController#new as HTML
  Rendering articles/new.html.erb within layouts/application
  Rendered articles/new.html.erb within layouts/application (Duration: 5.2ms | Allocations: 2199)
Completed 500 Internal Server Error in 8ms (ActiveRecord: 0.0ms | Allocations: 3443)


  
ActionView::Template::Error (undefined method `errors' for nil:NilClass):
    1: <%= form_with scope: :article, url: articles_path, local: true do |form| %>
    2: 
    3:     <% if @article.errors.any? %>
    4:     <div id="error_explanation">
    5:       <h2>
    6:         <%= pluralize(@article.errors.count, "error") %> prohibited
  
app/views/articles/new.html.erb:3
app/views/articles/new.html.erb:1
Started GET "/" for ::1 at 2020-08-02 00:19:34 +0530
Processing by WelcomeController#index as HTML
  Rendering welcome/index.html.erb within layouts/application
  Rendered welcome/index.html.erb within layouts/application (Duration: 1.0ms | Allocations: 562)
[Webpacker] Everything's up-to-date. Nothing to do
Completed 200 OK in 17ms (Views: 14.8ms | ActiveRecord: 0.0ms | Allocations: 5611)


Started GET "/articles" for ::1 at 2020-08-02 00:19:36 +0530
Processing by ArticlesController#index as HTML
  Rendering articles/index.html.erb within layouts/application
  [1m[36mArticle Load (2.3ms)[0m  [1m[34mSELECT "articles".* FROM "articles"[0m
  ↳ app/views/articles/index.html.erb:10
  Rendered articles/index.html.erb within layouts/application (Duration: 27.6ms | Allocations: 4973)
[Webpacker] Everything's up-to-date. Nothing to do
Completed 200 OK in 50ms (Views: 41.4ms | ActiveRecord: 4.3ms | Allocations: 10046)


Started GET "/articles/new" for ::1 at 2020-08-02 00:19:37 +0530
Processing by ArticlesController#new as HTML
  Rendering articles/new.html.erb within layouts/application
  Rendered articles/new.html.erb within layouts/application (Duration: 4.1ms | Allocations: 1264)
Completed 500 Internal Server Error in 6ms (ActiveRecord: 0.0ms | Allocations: 1771)


  
ActionView::Template::Error (undefined method `errors' for nil:NilClass):
    1: <%= form_with scope: :article, url: articles_path, local: true do |form| %>
    2: 
    3:     <% if @article.errors.any? %>
    4:     <div id="error_explanation">
    5:       <h2>
    6:         <%= pluralize(@article.errors.count, "error") %> prohibited
  
app/views/articles/new.html.erb:3
app/views/articles/new.html.erb:1
Started GET "/" for ::1 at 2020-08-02 00:21:38 +0530
  [1m[35m (2.8ms)[0m  [1m[34mSELECT sqlite_version(*)[0m
  [1m[35m (0.2ms)[0m  [1m[34mSELECT "schema_migrations"."version" FROM "schema_migrations" ORDER BY "schema_migrations"."version" ASC[0m
Processing by WelcomeController#index as HTML
  Rendering welcome/index.html.erb within layouts/application
  Rendered welcome/index.html.erb within layouts/application (Duration: 2.1ms | Allocations: 856)
[Webpacker] Everything's up-to-date. Nothing to do
Completed 200 OK in 42ms (Views: 35.0ms | ActiveRecord: 0.0ms | Allocations: 10046)


Started GET "/articles" for ::1 at 2020-08-02 00:21:40 +0530
Processing by ArticlesController#index as HTML
  Rendering articles/index.html.erb within layouts/application
  [1m[36mArticle Load (0.6ms)[0m  [1m[34mSELECT "articles".* FROM "articles"[0m
  ↳ app/views/articles/index.html.erb:10
  Rendered articles/index.html.erb within layouts/application (Duration: 19.0ms | Allocations: 5091)
[Webpacker] Everything's up-to-date. Nothing to do
Completed 200 OK in 37ms (Views: 29.5ms | ActiveRecord: 2.6ms | Allocations: 10576)


Started GET "/articles/new" for ::1 at 2020-08-02 00:21:41 +0530
Processing by ArticlesController#new as HTML
  Rendering articles/new.html.erb within layouts/application
  Rendered articles/new.html.erb within layouts/application (Duration: 10.4ms | Allocations: 2251)
Completed 500 Internal Server Error in 12ms (ActiveRecord: 0.0ms | Allocations: 2886)


  
ActionView::Template::Error (undefined method `errors' for nil:NilClass):
    1: <%= form_with scope: :article, url: articles_path, local: true do |form| %>
    2: 
    3:     <% if @article.errors.any? %>
    4:     <div id="error_explanation">
    5:       <h2>
    6:         <%= pluralize(@article.errors.count, "error") %> prohibited
  
app/views/articles/new.html.erb:3
app/views/articles/new.html.erb:1
Started GET "/articles/new" for ::1 at 2020-08-02 00:22:24 +0530
Processing by ArticlesController#new as HTML
  Rendering articles/new.html.erb within layouts/application
  Rendered articles/new.html.erb within layouts/application (Duration: 3.7ms | Allocations: 1615)
Completed 500 Internal Server Error in 14ms (ActiveRecord: 0.0ms | Allocations: 2861)


  
ActionView::Template::Error (undefined method `errors' for nil:NilClass):
    1: 
    2: <%= form_with scope: :article, url: articles_path, local: true do |form| %>
    3:  
    4:     <% if @article.errors.any? %>
    5:       <div id="error_explanation">
    6:         <h2>
    7:           <%= pluralize(@article.errors.count, "error") %> prohibited
  
app/views/articles/new.html.erb:4
app/views/articles/new.html.erb:2
Started GET "/articles/new" for ::1 at 2020-08-02 00:24:59 +0530
  [1m[35m (0.1ms)[0m  [1m[34mSELECT sqlite_version(*)[0m
Processing by ArticlesController#new as HTML
  Rendering articles/new.html.erb within layouts/application
  Rendered articles/new.html.erb within layouts/application (Duration: 6.3ms | Allocations: 2888)
[Webpacker] Everything's up-to-date. Nothing to do
Completed 200 OK in 27ms (Views: 17.0ms | ActiveRecord: 0.8ms | Allocations: 12103)


Started POST "/articles" for ::1 at 2020-08-02 00:25:08 +0530
Processing by ArticlesController#create as HTML
  Parameters: {"authenticity_token"=>"m30RP2hCKShNK810Ux6WGh/9hSTpvJuOYjpuxM0uwzfhXfQ1QVIjDAoBz5+YZ936ivhFEplIBX2KzFPN0oXT/g==", "article"=>{"title"=>"tes", "text"=>"type123"}, "commit"=>"Save Article"}
  Rendering articles/new.html.erb within layouts/application
  Rendered articles/new.html.erb within layouts/application (Duration: 2.1ms | Allocations: 901)
[Webpacker] Everything's up-to-date. Nothing to do
Completed 200 OK in 29ms (Views: 23.4ms | ActiveRecord: 0.0ms | Allocations: 7037)


Started GET "/articles" for ::1 at 2020-08-02 09:20:06 +0530
  [1m[35m (0.5ms)[0m  [1m[34mSELECT sqlite_version(*)[0m
Processing by ArticlesController#index as HTML
  Rendering articles/index.html.erb within layouts/application
  [1m[36mArticle Load (1.3ms)[0m  [1m[34mSELECT "articles".* FROM "articles"[0m
  ↳ app/views/articles/index.html.erb:10
  Rendered articles/index.html.erb within layouts/application (Duration: 13.1ms | Allocations: 4605)
[Webpacker] Everything's up-to-date. Nothing to do
Completed 200 OK in 58ms (Views: 46.8ms | ActiveRecord: 1.3ms | Allocations: 10372)


Started GET "/articles/1/edit" for ::1 at 2020-08-02 09:20:10 +0530
Processing by ArticlesController#edit as HTML
  Parameters: {"id"=>"1"}
  [1m[36mArticle Load (6.2ms)[0m  [1m[34mSELECT "articles".* FROM "articles" WHERE "articles"."id" = ? LIMIT ?[0m  [["id", 1], ["LIMIT", 1]]
  ↳ app/controllers/articles_controller.rb:15:in `edit'
  Rendering articles/edit.html.erb within layouts/application
  Rendered articles/edit.html.erb within layouts/application (Duration: 11.3ms | Allocations: 1248)
[Webpacker] Everything's up-to-date. Nothing to do
Completed 200 OK in 44ms (Views: 25.4ms | ActiveRecord: 6.2ms | Allocations: 7002)


Started PATCH "/articles/1" for ::1 at 2020-08-02 09:20:15 +0530
Processing by ArticlesController#update as HTML
  Parameters: {"authenticity_token"=>"jU6t/7KMQrdUrr2UdUR20Ie0xWZfMblSPP5fq44vBdw3gT9AiYK6zf3Ee4AMfUUmpDN+eUFASIBT/nQAn03jlQ==", "article"=>{"title"=>"Article 12", "text"=>"This is text"}, "commit"=>"Update Article", "id"=>"1"}
  [1m[36mArticle Load (0.2ms)[0m  [1m[34mSELECT "articles".* FROM "articles" WHERE "articles"."id" = ? LIMIT ?[0m  [["id", 1], ["LIMIT", 1]]
  ↳ app/controllers/articles_controller.rb:19:in `update'
  [1m[35m (0.1ms)[0m  [1m[36mbegin transaction[0m
  ↳ app/controllers/articles_controller.rb:21:in `update'
  [1m[36mArticle Update (1.2ms)[0m  [1m[33mUPDATE "articles" SET "title" = ?, "updated_at" = ? WHERE "articles"."id" = ?[0m  [["title", "Article 12"], ["updated_at", "2020-08-02 03:50:15.498214"], ["id", 1]]
  ↳ app/controllers/articles_controller.rb:21:in `update'
  [1m[35m (1.8ms)[0m  [1m[36mcommit transaction[0m
  ↳ app/controllers/articles_controller.rb:21:in `update'
Redirected to http://localhost:3000/articles/1
Completed 302 Found in 15ms (ActiveRecord: 3.3ms | Allocations: 3646)


Started GET "/articles/1" for ::1 at 2020-08-02 09:20:15 +0530
Processing by ArticlesController#show as HTML
  Parameters: {"id"=>"1"}
  [1m[36mArticle Load (0.5ms)[0m  [1m[34mSELECT "articles".* FROM "articles" WHERE "articles"."id" = ? LIMIT ?[0m  [["id", 1], ["LIMIT", 1]]
  ↳ app/controllers/articles_controller.rb:7:in `show'
  Rendering articles/show.html.erb within layouts/application
  Rendered articles/show.html.erb within layouts/application (Duration: 4.7ms | Allocations: 226)
[Webpacker] Everything's up-to-date. Nothing to do
Completed 200 OK in 26ms (Views: 21.5ms | ActiveRecord: 0.5ms | Allocations: 5255)


Started GET "/articles" for ::1 at 2020-08-02 09:20:22 +0530
Processing by ArticlesController#index as HTML
  Rendering articles/index.html.erb within layouts/application
  [1m[36mArticle Load (0.5ms)[0m  [1m[34mSELECT "articles".* FROM "articles"[0m
  ↳ app/views/articles/index.html.erb:10
  Rendered articles/index.html.erb within layouts/application (Duration: 12.4ms | Allocations: 733)
[Webpacker] Everything's up-to-date. Nothing to do
Completed 200 OK in 28ms (Views: 25.8ms | ActiveRecord: 0.5ms | Allocations: 5058)


Started GET "/articles/1" for ::1 at 2020-08-02 09:20:26 +0530
Processing by ArticlesController#show as HTML
  Parameters: {"id"=>"1"}
  [1m[36mArticle Load (0.2ms)[0m  [1m[34mSELECT "articles".* FROM "articles" WHERE "articles"."id" = ? LIMIT ?[0m  [["id", 1], ["LIMIT", 1]]
  ↳ app/controllers/articles_controller.rb:7:in `show'
  Rendering articles/show.html.erb within layouts/application
  Rendered articles/show.html.erb within layouts/application (Duration: 0.4ms | Allocations: 70)
[Webpacker] Everything's up-to-date. Nothing to do
Completed 200 OK in 26ms (Views: 22.8ms | ActiveRecord: 0.2ms | Allocations: 4959)


Started GET "/articles/1/edit" for ::1 at 2020-08-02 09:20:27 +0530
Processing by ArticlesController#edit as HTML
  Parameters: {"id"=>"1"}
  [1m[36mArticle Load (0.5ms)[0m  [1m[34mSELECT "articles".* FROM "articles" WHERE "articles"."id" = ? LIMIT ?[0m  [["id", 1], ["LIMIT", 1]]
  ↳ app/controllers/articles_controller.rb:15:in `edit'
  Rendering articles/edit.html.erb within layouts/application
  Rendered articles/edit.html.erb within layouts/application (Duration: 3.9ms | Allocations: 823)
[Webpacker] Everything's up-to-date. Nothing to do
Completed 200 OK in 20ms (Views: 15.0ms | ActiveRecord: 0.5ms | Allocations: 5694)


Started GET "/articles" for ::1 at 2020-08-02 09:20:32 +0530
Processing by ArticlesController#index as HTML
  Rendering articles/index.html.erb within layouts/application
  [1m[36mArticle Load (0.3ms)[0m  [1m[34mSELECT "articles".* FROM "articles"[0m
  ↳ app/views/articles/index.html.erb:10
  Rendered articles/index.html.erb within layouts/application (Duration: 4.9ms | Allocations: 730)
[Webpacker] Everything's up-to-date. Nothing to do
Completed 200 OK in 24ms (Views: 22.5ms | ActiveRecord: 0.3ms | Allocations: 5054)


Started GET "/articles" for ::1 at 2020-08-02 09:25:31 +0530
Processing by ArticlesController#index as HTML
  Rendering articles/index.html.erb within layouts/application
  [1m[36mArticle Load (0.3ms)[0m  [1m[34mSELECT "articles".* FROM "articles"[0m
  ↳ app/views/articles/index.html.erb:10
  Rendered articles/index.html.erb within layouts/application (Duration: 4.1ms | Allocations: 947)
[Webpacker] Everything's up-to-date. Nothing to do
Completed 200 OK in 20ms (Views: 17.7ms | ActiveRecord: 0.3ms | Allocations: 6195)


Started GET "/articles/new" for ::1 at 2020-08-02 09:25:35 +0530
Processing by ArticlesController#new as HTML
  Rendering articles/new.html.erb within layouts/application
  Rendered articles/_form.html.erb (Duration: 6.7ms | Allocations: 1116)
  Rendered articles/new.html.erb within layouts/application (Duration: 10.4ms | Allocations: 1478)
[Webpacker] Everything's up-to-date. Nothing to do
Completed 200 OK in 27ms (Views: 24.4ms | ActiveRecord: 0.0ms | Allocations: 5939)


Started GET "/articles/1/edit" for ::1 at 2020-08-02 09:25:39 +0530
Processing by ArticlesController#edit as HTML
  Parameters: {"id"=>"1"}
  [1m[36mArticle Load (0.3ms)[0m  [1m[34mSELECT "articles".* FROM "articles" WHERE "articles"."id" = ? LIMIT ?[0m  [["id", 1], ["LIMIT", 1]]
  ↳ app/controllers/articles_controller.rb:15:in `edit'
  Rendering articles/edit.html.erb within layouts/application
  Rendered articles/_form.html.erb (Duration: 3.3ms | Allocations: 809)
  Rendered articles/edit.html.erb within layouts/application (Duration: 4.6ms | Allocations: 1029)
[Webpacker] Everything's up-to-date. Nothing to do
Completed 200 OK in 27ms (Views: 21.4ms | ActiveRecord: 0.3ms | Allocations: 6048)


Started GET "/articles" for ::1 at 2020-08-02 09:25:42 +0530
Processing by ArticlesController#index as HTML
  Rendering articles/index.html.erb within layouts/application
  [1m[36mArticle Load (0.2ms)[0m  [1m[34mSELECT "articles".* FROM "articles"[0m
  ↳ app/views/articles/index.html.erb:10
  Rendered articles/index.html.erb within layouts/application (Duration: 2.0ms | Allocations: 732)
[Webpacker] Everything's up-to-date. Nothing to do
Completed 200 OK in 25ms (Views: 23.2ms | ActiveRecord: 0.2ms | Allocations: 5051)


Started GET "/articles" for ::1 at 2020-08-02 09:29:20 +0530
  [1m[35m (0.1ms)[0m  [1m[34mSELECT sqlite_version(*)[0m
Processing by ArticlesController#index as HTML
  Rendering articles/index.html.erb within layouts/application
  [1m[36mArticle Load (0.2ms)[0m  [1m[34mSELECT "articles".* FROM "articles"[0m
  ↳ app/views/articles/index.html.erb:10
  Rendered articles/index.html.erb within layouts/application (Duration: 14.2ms | Allocations: 5033)
[Webpacker] Everything's up-to-date. Nothing to do
Completed 200 OK in 31ms (Views: 27.2ms | ActiveRecord: 1.4ms | Allocations: 10788)


Started DELETE "/articles/1" for ::1 at 2020-08-02 09:29:26 +0530
Processing by ArticlesController#destroy as HTML
  Parameters: {"authenticity_token"=>"yofn2BDjDN0px4xFyaGthMY53c56i7avt2dKX8ZPOjCwpwLSOfMG+W7tjq4C2OZkUzwd+Ap/KFxfkXdW2eQq+Q==", "id"=>"1"}
  [1m[36mArticle Load (0.4ms)[0m  [1m[34mSELECT "articles".* FROM "articles" WHERE "articles"."id" = ? LIMIT ?[0m  [["id", 1], ["LIMIT", 1]]
  ↳ app/controllers/articles_controller.rb:40:in `destroy'
  [1m[35m (0.1ms)[0m  [1m[36mbegin transaction[0m
  ↳ app/controllers/articles_controller.rb:41:in `destroy'
  [1m[36mArticle Destroy (0.7ms)[0m  [1m[31mDELETE FROM "articles" WHERE "articles"."id" = ?[0m  [["id", 1]]
  ↳ app/controllers/articles_controller.rb:41:in `destroy'
  [1m[35m (2.4ms)[0m  [1m[36mcommit transaction[0m
  ↳ app/controllers/articles_controller.rb:41:in `destroy'
Redirected to http://localhost:3000/articles
Completed 302 Found in 15ms (ActiveRecord: 3.5ms | Allocations: 3018)


Started GET "/articles" for ::1 at 2020-08-02 09:29:26 +0530
Processing by ArticlesController#index as HTML
  Rendering articles/index.html.erb within layouts/application
  [1m[36mArticle Load (0.3ms)[0m  [1m[34mSELECT "articles".* FROM "articles"[0m
  ↳ app/views/articles/index.html.erb:10
  Rendered articles/index.html.erb within layouts/application (Duration: 2.5ms | Allocations: 665)
[Webpacker] Everything's up-to-date. Nothing to do
Completed 200 OK in 19ms (Views: 16.0ms | ActiveRecord: 0.3ms | Allocations: 4982)


Started GET "/articles/new" for ::1 at 2020-08-02 09:29:28 +0530
Processing by ArticlesController#new as HTML
  Rendering articles/new.html.erb within layouts/application
  Rendered articles/_form.html.erb (Duration: 4.1ms | Allocations: 1145)
  Rendered articles/new.html.erb within layouts/application (Duration: 8.4ms | Allocations: 1507)
[Webpacker] Everything's up-to-date. Nothing to do
Completed 200 OK in 25ms (Views: 23.2ms | ActiveRecord: 0.0ms | Allocations: 5967)


Started POST "/articles" for ::1 at 2020-08-02 09:29:36 +0530
Processing by ArticlesController#create as HTML
  Parameters: {"authenticity_token"=>"2HqsXvr+k0EjRsfc+0PPmHH6VnyDKS8sZ70O1k2zG2LjaoZXxKcREsiVBeDCWVRBIBbFC7rFfHhfnSwsh7+Dsw==", "article"=>{"title"=>"testing123", "text"=>"test"}, "commit"=>"Create Article"}
  [1m[35m (0.1ms)[0m  [1m[36mbegin transaction[0m
  ↳ app/controllers/articles_controller.rb:30:in `create'
  [1m[36mArticle Create (0.6ms)[0m  [1m[32mINSERT INTO "articles" ("title", "text", "created_at", "updated_at") VALUES (?, ?, ?, ?)[0m  [["title", "testing123"], ["text", "test"], ["created_at", "2020-08-02 03:59:36.063615"], ["updated_at", "2020-08-02 03:59:36.063615"]]
  ↳ app/controllers/articles_controller.rb:30:in `create'
  [1m[35m (2.0ms)[0m  [1m[36mcommit transaction[0m
  ↳ app/controllers/articles_controller.rb:30:in `create'
Redirected to http://localhost:3000/articles/2
Completed 302 Found in 14ms (ActiveRecord: 2.7ms | Allocations: 3033)


Started GET "/articles/2" for ::1 at 2020-08-02 09:29:36 +0530
Processing by ArticlesController#show as HTML
  Parameters: {"id"=>"2"}
  [1m[36mArticle Load (0.3ms)[0m  [1m[34mSELECT "articles".* FROM "articles" WHERE "articles"."id" = ? LIMIT ?[0m  [["id", 2], ["LIMIT", 1]]
  ↳ app/controllers/articles_controller.rb:7:in `show'
  Rendering articles/show.html.erb within layouts/application
  Rendered articles/show.html.erb within layouts/application (Duration: 0.7ms | Allocations: 220)
[Webpacker] Everything's up-to-date. Nothing to do
Completed 200 OK in 15ms (Views: 11.9ms | ActiveRecord: 0.3ms | Allocations: 5253)


Started GET "/articles" for ::1 at 2020-08-02 09:29:39 +0530
Processing by ArticlesController#index as HTML
  Rendering articles/index.html.erb within layouts/application
  [1m[36mArticle Load (0.1ms)[0m  [1m[34mSELECT "articles".* FROM "articles"[0m
  ↳ app/views/articles/index.html.erb:10
  Rendered articles/index.html.erb within layouts/application (Duration: 1.7ms | Allocations: 782)
[Webpacker] Everything's up-to-date. Nothing to do
Completed 200 OK in 20ms (Views: 18.4ms | ActiveRecord: 0.1ms | Allocations: 5101)


  [1m[35m (3.1ms)[0m  [1m[34mSELECT sqlite_version(*)[0m
  [1m[35m (0.2ms)[0m  [1m[34mSELECT "schema_migrations"."version" FROM "schema_migrations" ORDER BY "schema_migrations"."version" ASC[0m
Migrating to CreateComments (20200802040248)
  [1m[35m (0.1ms)[0m  [1m[36mbegin transaction[0m
  [1m[35m (0.9ms)[0m  [1m[35mCREATE TABLE "comments" ("id" integer PRIMARY KEY AUTOINCREMENT NOT NULL, "commenter" varchar, "body" text, "article_id" integer NOT NULL, "created_at" datetime(6) NOT NULL, "updated_at" datetime(6) NOT NULL, CONSTRAINT "fk_rails_3bf61a60d3"
FOREIGN KEY ("article_id")
  REFERENCES "articles" ("id")
)[0m
  [1m[35m (0.2ms)[0m  [1m[35mCREATE  INDEX "index_comments_on_article_id" ON "comments" ("article_id")[0m
  [1m[36mprimary::SchemaMigration Create (0.2ms)[0m  [1m[32mINSERT INTO "schema_migrations" ("version") VALUES (?)[0m  [["version", "20200802040248"]]
  [1m[35m (2.3ms)[0m  [1m[36mcommit transaction[0m
  [1m[36mActiveRecord::InternalMetadata Load (0.2ms)[0m  [1m[34mSELECT "ar_internal_metadata".* FROM "ar_internal_metadata" WHERE "ar_internal_metadata"."key" = ? LIMIT ?[0m  [["key", "environment"], ["LIMIT", 1]]
  [1m[35m (0.1ms)[0m  [1m[34mSELECT sqlite_version(*)[0m
  [1m[35m (0.1ms)[0m  [1m[34mSELECT "schema_migrations"."version" FROM "schema_migrations" ORDER BY "schema_migrations"."version" ASC[0m
Started GET "/articles/2" for ::1 at 2020-08-02 09:44:13 +0530
  [1m[35m (1.0ms)[0m  [1m[34mSELECT sqlite_version(*)[0m
  [1m[35m (0.2ms)[0m  [1m[34mSELECT "schema_migrations"."version" FROM "schema_migrations" ORDER BY "schema_migrations"."version" ASC[0m
Processing by ArticlesController#show as HTML
  Parameters: {"id"=>"2"}
  [1m[36mArticle Load (0.2ms)[0m  [1m[34mSELECT "articles".* FROM "articles" WHERE "articles"."id" = ? LIMIT ?[0m  [["id", 2], ["LIMIT", 1]]
  ↳ app/controllers/articles_controller.rb:7:in `show'
  Rendering articles/show.html.erb within layouts/application
  [1m[36mComment Load (0.2ms)[0m  [1m[34mSELECT "comments".* FROM "comments" WHERE "comments"."article_id" = ?[0m  [["article_id", 2]]
  ↳ app/views/articles/show.html.erb:12
  Rendered articles/show.html.erb within layouts/application (Duration: 80.1ms | Allocations: 16097)
[Webpacker] Everything's up-to-date. Nothing to do
Completed 200 OK in 230ms (Views: 200.7ms | ActiveRecord: 1.9ms | Allocations: 47242)


Started GET "/articles/2" for ::1 at 2020-08-02 09:44:14 +0530
Processing by ArticlesController#show as HTML
  Parameters: {"id"=>"2"}
  [1m[36mArticle Load (0.2ms)[0m  [1m[34mSELECT "articles".* FROM "articles" WHERE "articles"."id" = ? LIMIT ?[0m  [["id", 2], ["LIMIT", 1]]
  ↳ app/controllers/articles_controller.rb:7:in `show'
  Rendering articles/show.html.erb within layouts/application
  [1m[36mComment Load (0.2ms)[0m  [1m[34mSELECT "comments".* FROM "comments" WHERE "comments"."article_id" = ?[0m  [["article_id", 2]]
  ↳ app/views/articles/show.html.erb:12
  Rendered articles/show.html.erb within layouts/application (Duration: 8.3ms | Allocations: 1706)
[Webpacker] Everything's up-to-date. Nothing to do
Completed 200 OK in 41ms (Views: 37.7ms | ActiveRecord: 0.4ms | Allocations: 6685)


Started POST "/articles/2/comments" for ::1 at 2020-08-02 09:44:25 +0530
Processing by CommentsController#create as HTML
  Parameters: {"authenticity_token"=>"GO8HYSOwRxyz4Hmnr9b2nA3oXLL5ajczktbCKyydjl5iz+JrCqBNOPTKe0xkr718mO2chImeqcB6IP8iMzaelw==", "comment"=>{"commenter"=>"new comm", "body"=>"comm test"}, "commit"=>"Create Comment", "article_id"=>"2"}
  [1m[36mArticle Load (0.1ms)[0m  [1m[34mSELECT "articles".* FROM "articles" WHERE "articles"."id" = ? LIMIT ?[0m  [["id", 2], ["LIMIT", 1]]
  ↳ app/controllers/comments_controller.rb:3:in `create'
  [1m[35m (0.1ms)[0m  [1m[36mbegin transaction[0m
  ↳ app/controllers/comments_controller.rb:4:in `create'
  [1m[36mComment Create (0.8ms)[0m  [1m[32mINSERT INTO "comments" ("commenter", "body", "article_id", "created_at", "updated_at") VALUES (?, ?, ?, ?, ?)[0m  [["commenter", "new comm"], ["body", "comm test"], ["article_id", 2], ["created_at", "2020-08-02 04:14:25.101614"], ["updated_at", "2020-08-02 04:14:25.101614"]]
  ↳ app/controllers/comments_controller.rb:4:in `create'
  [1m[35m (1.9ms)[0m  [1m[36mcommit transaction[0m
  ↳ app/controllers/comments_controller.rb:4:in `create'
Redirected to http://localhost:3000/articles/2
Completed 302 Found in 16ms (ActiveRecord: 2.9ms | Allocations: 4076)


Started GET "/articles/2" for ::1 at 2020-08-02 09:44:25 +0530
Processing by ArticlesController#show as HTML
  Parameters: {"id"=>"2"}
  [1m[36mArticle Load (0.1ms)[0m  [1m[34mSELECT "articles".* FROM "articles" WHERE "articles"."id" = ? LIMIT ?[0m  [["id", 2], ["LIMIT", 1]]
  ↳ app/controllers/articles_controller.rb:7:in `show'
  Rendering articles/show.html.erb within layouts/application
  [1m[36mComment Load (0.1ms)[0m  [1m[34mSELECT "comments".* FROM "comments" WHERE "comments"."article_id" = ?[0m  [["article_id", 2]]
  ↳ app/views/articles/show.html.erb:12
  Rendered articles/show.html.erb within layouts/application (Duration: 3.5ms | Allocations: 1734)
[Webpacker] Everything's up-to-date. Nothing to do
Completed 200 OK in 15ms (Views: 12.9ms | ActiveRecord: 0.3ms | Allocations: 6704)


